This is pdfTeX, Version 3.14159265-2.6-1.40.20 (TeX Live 2019/Debian) (preloaded format=pdflatex 2022.1.19)  5 FEB 2022 21:20
entering extended mode
 restricted \write18 enabled.
 %&-line parsing enabled.
**4.2.tex
(./4.2.tex
LaTeX2e <2020-02-02> patch level 2
L3 programming layer <2020-02-14>

! LaTeX Error: Missing \begin{document}.

See the LaTeX manual or LaTeX Companion for explanation.
Type  H <return>  for immediate help.
 ...                                              
                                                  
l.2 \begin{flushleft}
                     
You're in trouble here.  Try typing  <return>  to proceed.
If that doesn't work, type  X <return>  to quit.


Overfull \hbox (20.0pt too wide) in paragraph at lines 2--2
[] 
 []


! LaTeX Error: Environment tcolorbox undefined.

See the LaTeX manual or LaTeX Companion for explanation.
Type  H <return>  for immediate help.
 ...                                              
                                                  
l.5 	\begin{tcolorbox}
                      [breakable,notitle,boxrule=1pt,colback=black,colframe=...

Your command was ignored.
Type  I <command> <return>  to replace it with another command,
or  <return>  to continue without it.

Missing character: There is no [ in font nullfont!
Missing character: There is no b in font nullfont!
Missing character: There is no r in font nullfont!
Missing character: There is no e in font nullfont!
Missing character: There is no a in font nullfont!
Missing character: There is no k in font nullfont!
Missing character: There is no a in font nullfont!
Missing character: There is no b in font nullfont!
Missing character: There is no l in font nullfont!
Missing character: There is no e in font nullfont!
Missing character: There is no , in font nullfont!
Missing character: There is no n in font nullfont!
Missing character: There is no o in font nullfont!
Missing character: There is no t in font nullfont!
Missing character: There is no i in font nullfont!
Missing character: There is no t in font nullfont!
Missing character: There is no l in font nullfont!
Missing character: There is no e in font nullfont!
Missing character: There is no , in font nullfont!
Missing character: There is no b in font nullfont!
Missing character: There is no o in font nullfont!
Missing character: There is no x in font nullfont!
Missing character: There is no r in font nullfont!
Missing character: There is no u in font nullfont!
Missing character: There is no l in font nullfont!
Missing character: There is no e in font nullfont!
Missing character: There is no = in font nullfont!
Missing character: There is no 1 in font nullfont!
Missing character: There is no p in font nullfont!
Missing character: There is no t in font nullfont!
Missing character: There is no , in font nullfont!
Missing character: There is no c in font nullfont!
Missing character: There is no o in font nullfont!
Missing character: There is no l in font nullfont!
Missing character: There is no b in font nullfont!
Missing character: There is no a in font nullfont!
Missing character: There is no c in font nullfont!
Missing character: There is no k in font nullfont!
Missing character: There is no = in font nullfont!
Missing character: There is no b in font nullfont!
Missing character: There is no l in font nullfont!
Missing character: There is no a in font nullfont!
Missing character: There is no c in font nullfont!
Missing character: There is no k in font nullfont!
Missing character: There is no , in font nullfont!
Missing character: There is no c in font nullfont!
Missing character: There is no o in font nullfont!
Missing character: There is no l in font nullfont!
Missing character: There is no f in font nullfont!
Missing character: There is no r in font nullfont!
Missing character: There is no a in font nullfont!
Missing character: There is no m in font nullfont!
Missing character: There is no e in font nullfont!
Missing character: There is no = in font nullfont!
Missing character: There is no b in font nullfont!
Missing character: There is no l in font nullfont!
Missing character: There is no a in font nullfont!
Missing character: There is no c in font nullfont!
Missing character: There is no k in font nullfont!
Missing character: There is no ] in font nullfont!
! Undefined control sequence.
l.6 		\color
            {white}
The control sequence at the end of the top line
of your error message was never \def'ed. If you have
misspelled it (e.g., `\hobx'), type `I' and the correct
spelling (e.g., `I\hbox'). Otherwise just continue,
and I'll forget about whatever was undefined.

Missing character: There is no w in font nullfont!
Missing character: There is no h in font nullfont!
Missing character: There is no i in font nullfont!
Missing character: There is no t in font nullfont!
Missing character: There is no e in font nullfont!
Missing character: There is no I in font nullfont!
Missing character: There is no n in font nullfont!
Missing character: There is no t in font nullfont!
Missing character: There is no h in font nullfont!
Missing character: There is no i in font nullfont!
Missing character: There is no s in font nullfont!
Missing character: There is no s in font nullfont!
Missing character: There is no e in font nullfont!
Missing character: There is no c in font nullfont!
Missing character: There is no t in font nullfont!
Missing character: There is no i in font nullfont!
Missing character: There is no o in font nullfont!
Missing character: There is no n in font nullfont!
Missing character: There is no , in font nullfont!
Missing character: There is no y in font nullfont!
Missing character: There is no o in font nullfont!
Missing character: There is no u in font nullfont!
Missing character: There is no a in font nullfont!
Missing character: There is no r in font nullfont!
Missing character: There is no e in font nullfont!
Missing character: There is no g in font nullfont!
Missing character: There is no o in font nullfont!
Missing character: There is no i in font nullfont!
Missing character: There is no n in font nullfont!
Missing character: There is no g in font nullfont!
Missing character: There is no t in font nullfont!
Missing character: There is no o in font nullfont!
Missing character: There is no l in font nullfont!
Missing character: There is no e in font nullfont!
Missing character: There is no a in font nullfont!
Missing character: There is no r in font nullfont!
Missing character: There is no n in font nullfont!
Missing character: There is no : in font nullfont!

Overfull \hbox (28.3401pt too wide) in paragraph at lines 10--11
\OT1/cmr/bx/n/10 What 
 []


Overfull \hbox (7.7305pt too wide) in paragraph at lines 10--11
\OT1/cmr/bx/n/10 is 
 []


Overfull \hbox (5.59023pt too wide) in paragraph at lines 10--11
\OT1/cmr/bx/n/10 a 
 []


Overfull \hbox (26.36237pt too wide) in paragraph at lines 10--11
\OT1/cmr/bx/n/10 user?  
 []


Overfull \hbox (23.39015pt too wide) in paragraph at lines 11--12
\OT1/cmr/bx/n/10 User 
 []


Overfull \hbox (24.27765pt too wide) in paragraph at lines 11--12
\OT1/cmr/bx/n/10 com- 
 []


Overfull \hbox (32.48729pt too wide) in paragraph at lines 11--12
\OT1/cmr/bx/n/10 mands  
 []


Overfull \hbox (33.5554pt too wide) in paragraph at lines 12--13
\OT1/cmr/bx/n/10 Where 
 []


Overfull \hbox (7.7305pt too wide) in paragraph at lines 12--13
\OT1/cmr/bx/n/10 is 
 []


Overfull \hbox (16.13187pt too wide) in paragraph at lines 12--13
\OT1/cmr/bx/n/10 the 
 []


Overfull \hbox (17.03465pt too wide) in paragraph at lines 12--13
\OT1/cmr/bx/n/10 rel- 
 []


Overfull \hbox (9.10413pt too wide) in paragraph at lines 12--13
\OT1/cmr/bx/n/10 e- 
 []


Overfull \hbox (21.56236pt too wide) in paragraph at lines 12--13
\OT1/cmr/bx/n/10 vant 
 []


Overfull \hbox (13.4166pt too wide) in paragraph at lines 12--13
\OT1/cmr/bx/n/10 in- 
 []


Overfull \hbox (17.83325pt too wide) in paragraph at lines 12--13
\OT1/cmr/bx/n/10 for- 
 []


Overfull \hbox (19.00682pt too wide) in paragraph at lines 12--13
\OT1/cmr/bx/n/10 ma- 
 []


Overfull \hbox (19.80545pt too wide) in paragraph at lines 12--13
\OT1/cmr/bx/n/10 tion 
 []


Overfull \hbox (13.84023pt too wide) in paragraph at lines 12--13
\OT1/cmr/bx/n/10 re- 
 []


Overfull \hbox (24.91652pt too wide) in paragraph at lines 12--13
\OT1/cmr/bx/n/10 lated 
 []


Overfull \hbox (10.22217pt too wide) in paragraph at lines 12--13
\OT1/cmr/bx/n/10 to 
 []


Overfull \hbox (20.93184pt too wide) in paragraph at lines 12--13
\OT1/cmr/bx/n/10 user 
 []


Overfull \hbox (36.58453pt too wide) in paragraph at lines 12--13
\OT1/cmr/bx/n/10 stored?  
 []


Overfull \hbox (47.96506pt too wide) in paragraph at lines 13--14
\OT1/cmr/bx/n/10 Structure 
 []


Overfull \hbox (9.26384pt too wide) in paragraph at lines 13--14
\OT1/cmr/bx/n/10 of 
 []


Overfull \hbox (62.09962pt too wide) in paragraph at lines 13--14
\OT1/cmr/bx/n/10 /etc/passwd 
 []


Overfull \hbox (18.36794pt too wide) in paragraph at lines 13--14
\OT1/cmr/bx/n/10 and 
 []


Overfull \hbox (62.99408pt too wide) in paragraph at lines 13--14
\OT1/cmr/bx/n/10 /etc/shadow 
 []


Overfull \hbox (14.8541pt too wide) in paragraph at lines 13--14
\OT1/cmr/bx/n/10 file  
 []


Overfull \hbox (40.40952pt too wide) in paragraph at lines 14--15
\OT1/cmr/bx/n/10 Content 
 []


Overfull \hbox (9.26384pt too wide) in paragraph at lines 14--15
\OT1/cmr/bx/n/10 of 
 []


Overfull \hbox (45.10532pt too wide) in paragraph at lines 14--15
\OT1/cmr/bx/n/10 /etc/skel 
 []


Overfull \hbox (13.4166pt too wide) in paragraph at lines 14--15
\OT1/cmr/bx/n/10 di- 
 []


Overfull \hbox (18.95131pt too wide) in paragraph at lines 14--15
\OT1/cmr/bx/n/10 rec- 
 []


Overfull \hbox (21.18741pt too wide) in paragraph at lines 14--15
\OT1/cmr/bx/n/10 tory  
 []


Overfull \hbox (37.69423pt too wide) in paragraph at lines 15--16
\OT1/cmr/bx/n/10 Change 
 []


Overfull \hbox (24.88454pt too wide) in paragraph at lines 15--16
\OT1/cmr/bx/n/10 pass- 
 []


Overfull \hbox (24.861pt too wide) in paragraph at lines 15--16
\OT1/cmr/bx/n/10 word 
 []


Overfull \hbox (19.48601pt too wide) in paragraph at lines 15--16
\OT1/cmr/bx/n/10 pol- 
 []


Overfull \hbox (14.37492pt too wide) in paragraph at lines 15--16
\OT1/cmr/bx/n/10 icy 
 []


Overfull \hbox (9.26384pt too wide) in paragraph at lines 15--16
\OT1/cmr/bx/n/10 of 
 []


Overfull \hbox (5.59023pt too wide) in paragraph at lines 15--16
\OT1/cmr/bx/n/10 a 
 []


Overfull \hbox (20.93184pt too wide) in paragraph at lines 15--16
\OT1/cmr/bx/n/10 user  
 []

Missing character: There is no F in font nullfont!
Missing character: There is no i in font nullfont!
Missing character: There is no n in font nullfont!
Missing character: There is no a in font nullfont!
Missing character: There is no l in font nullfont!
Missing character: There is no l in font nullfont!
Missing character: There is no y in font nullfont!
Missing character: There is no , in font nullfont!
Missing character: There is no t in font nullfont!
Missing character: There is no h in font nullfont!
Missing character: There is no e in font nullfont!
Missing character: There is no r in font nullfont!
Missing character: There is no e in font nullfont!
Missing character: There is no w in font nullfont!
Missing character: There is no i in font nullfont!
Missing character: There is no l in font nullfont!
Missing character: There is no l in font nullfont!
Missing character: There is no b in font nullfont!
Missing character: There is no e in font nullfont!
Missing character: There is no a in font nullfont!
Missing character: There is no o in font nullfont!
Missing character: There is no n in font nullfont!
Missing character: There is no t in font nullfont!
Missing character: There is no h in font nullfont!
Missing character: There is no e in font nullfont!
Missing character: There is no s in font nullfont!
Missing character: There is no e in font nullfont!
Missing character: There is no t in font nullfont!
Missing character: There is no o in font nullfont!
Missing character: There is no p in font nullfont!
Missing character: There is no i in font nullfont!
Missing character: There is no c in font nullfont!
Missing character: There is no s in font nullfont!
Missing character: There is no t in font nullfont!
Missing character: There is no o in font nullfont!
Missing character: There is no c in font nullfont!
Missing character: There is no h in font nullfont!
Missing character: There is no e in font nullfont!
Missing character: There is no c in font nullfont!
Missing character: There is no k in font nullfont!
Missing character: There is no y in font nullfont!
Missing character: There is no o in font nullfont!
Missing character: There is no u in font nullfont!
Missing character: There is no r in font nullfont!
Missing character: There is no k in font nullfont!
Missing character: There is no n in font nullfont!
Missing character: There is no o in font nullfont!
Missing character: There is no w in font nullfont!
Missing character: There is no l in font nullfont!
Missing character: There is no e in font nullfont!
Missing character: There is no d in font nullfont!
Missing character: There is no g in font nullfont!
Missing character: There is no e in font nullfont!
Missing character: There is no . in font nullfont!

! LaTeX Error: \begin{flushleft} on input line 2 ended by \end{tcolorbox}.

See the LaTeX manual or LaTeX Companion for explanation.
Type  H <return>  for immediate help.
 ...                                              
                                                  
l.20 	\end{tcolorbox}
                     
Your command was ignored.
Type  I <command> <return>  to replace it with another command,
or  <return>  to continue without it.


Overfull \hbox (26.09843pt too wide) in paragraph at lines 18--21
     \OT1/cmr/bx/n/10 small 
 []


Overfull \hbox (15.17354pt too wide) in paragraph at lines 18--21
\OT1/cmr/bx/n/10 ex- 
 []


Overfull \hbox (28.11931pt too wide) in paragraph at lines 18--21
\OT1/cmr/bx/n/10 cerise 
 []


! LaTeX Error: Environment multicols undefined.

See the LaTeX manual or LaTeX Companion for explanation.
Type  H <return>  for immediate help.
 ...                                              
                                                  
l.23 	\begin{multicols}
                       {2}
Your command was ignored.
Type  I <command> <return>  to replace it with another command,
or  <return>  to continue without it.

Missing character: There is no 2 in font nullfont!
! Undefined control sequence.
l.35 		\columnbreak
                   
The control sequence at the end of the top line
of your error message was never \def'ed. If you have
misspelled it (e.g., `\hobx'), type `I' and the correct
spelling (e.g., `I\hbox'). Otherwise just continue,
and I'll forget about whatever was undefined.

Missing character: There is no S in font nullfont!
Missing character: There is no o in font nullfont!
Missing character: There is no l in font nullfont!
Missing character: There is no e in font nullfont!
Missing character: There is no t in font nullfont!
Missing character: There is no ' in font nullfont!
Missing character: There is no s in font nullfont!
Missing character: There is no g in font nullfont!
Missing character: There is no e in font nullfont!
Missing character: There is no t in font nullfont!
Missing character: There is no s in font nullfont!
Missing character: There is no t in font nullfont!
Missing character: There is no a in font nullfont!
Missing character: There is no r in font nullfont!
Missing character: There is no t in font nullfont!
Missing character: There is no e in font nullfont!
Missing character: There is no d in font nullfont!
Missing character: There is no . in font nullfont!
Missing character: There is no . in font nullfont!
Missing character: There is no . in font nullfont!
Missing character: There is no . in font nullfont!
! Undefined control sequence.
l.37 		\includegraphics
                       [scale=0.08]{content/linux_section.png}
The control sequence at the end of the top line
of your error message was never \def'ed. If you have
misspelled it (e.g., `\hobx'), type `I' and the correct
spelling (e.g., `I\hbox'). Otherwise just continue,
and I'll forget about whatever was undefined.

Missing character: There is no [ in font nullfont!
Missing character: There is no s in font nullfont!
Missing character: There is no c in font nullfont!
Missing character: There is no a in font nullfont!
Missing character: There is no l in font nullfont!
Missing character: There is no e in font nullfont!
Missing character: There is no = in font nullfont!
Missing character: There is no 0 in font nullfont!
Missing character: There is no . in font nullfont!
Missing character: There is no 0 in font nullfont!
Missing character: There is no 8 in font nullfont!
Missing character: There is no ] in font nullfont!
Missing character: There is no c in font nullfont!
Missing character: There is no o in font nullfont!
Missing character: There is no n in font nullfont!
Missing character: There is no t in font nullfont!
Missing character: There is no e in font nullfont!
Missing character: There is no n in font nullfont!
Missing character: There is no t in font nullfont!
Missing character: There is no / in font nullfont!
Missing character: There is no l in font nullfont!
Missing character: There is no i in font nullfont!
Missing character: There is no n in font nullfont!
Missing character: There is no u in font nullfont!
Missing character: There is no x in font nullfont!
! Missing $ inserted.
<inserted text> 
                $
l.37 		\includegraphics[scale=0.08]{content/linux_
                                                  section.png}
I've inserted a begin-math/end-math symbol since I think
you left one out. Proceed, with fingers crossed.

LaTeX Font Info:    External font `cmex10' loaded for size
(Font)              <7> on input line 37.
LaTeX Font Info:    External font `cmex10' loaded for size
(Font)              <5> on input line 37.
! Extra }, or forgotten $.
l.37 ...ics[scale=0.08]{content/linux_section.png}
                                                  
I've deleted a group-closing symbol because it seems to be
spurious, as in `$x}$'. But perhaps the } is legitimate and
you forgot something else, as in `\hbox{$x}'. In such cases
the way to recover is to insert both the forgotten and the
deleted material, e.g., by typing `I$}'.


! LaTeX Error: \begin{flushleft} on input line 2 ended by \end{multicols}.

See the LaTeX manual or LaTeX Companion for explanation.
Type  H <return>  for immediate help.
 ...                                              
                                                  
l.38 	\end{multicols}
                     	
Your command was ignored.
Type  I <command> <return>  to replace it with another command,
or  <return>  to continue without it.

! Missing $ inserted.
<inserted text> 
                $
l.38 	\end{multicols}
                     	
I've inserted something that you may have forgotten.
(See the <inserted text> above.)
With luck, this will get me unwedged. But if you
really didn't forget anything, try typing `2' now; then
my insertion and my current dilemma will both disappear.

! Missing } inserted.
<inserted text> 
                }
l.38 	\end{multicols}
                     	
I've inserted something that you may have forgotten.
(See the <inserted text> above.)
With luck, this will get me unwedged. But if you
really didn't forget anything, try typing `2' now; then
my insertion and my current dilemma will both disappear.


Overfull \hbox (50.10382pt too wide) in paragraph at lines 36--39
[]\OML/cmm/m/it/10 ection:png$  
 []


! LaTeX Error: The font size command \normalsize is not defined:
               there is probably something wrong with the class file.

See the LaTeX manual or LaTeX Companion for explanation.
Type  H <return>  for immediate help.
 ...                                              
                                                  
l.42 \newpage
             
Your command was ignored.
Type  I <command> <return>  to replace it with another command,
or  <return>  to continue without it.

[1{/var/lib/texmf/fonts/map/pdftex/updmap/pdftex.map}])
! Emergency stop.
<*> 4.2.tex
           
*** (job aborted, no legal \end found)

 
Here is how much of TeX's memory you used:
 27 strings out of 483183
 483 string characters out of 5966292
 233602 words of memory out of 5000000
 15141 multiletter control sequences out of 15000+600000
 532646 words of font info for 25 fonts, out of 8000000 for 9000
 14 hyphenation exceptions out of 8191
 18i,4n,15p,117b,162s stack positions out of 5000i,500n,10000p,200000b,80000s
!  ==> Fatal error occurred, no output PDF file produced!
